<?xml version="1.0" ?>
<!DOCTYPE coverage SYSTEM "http://cobertura.sourceforge.net/xml/coverage-04.dtd">
<coverage lines-valid="25" lines-covered="25" line-rate="1" branches-valid="8" branches-covered="5" branch-rate="0.625" timestamp="1669560364117" complexity="0" version="0.1">
  <sources>
    <source>F:\Coding\xml-validator</source>
  </sources>
  <packages>
    <package name="main" line-rate="1" branch-rate="0.625">
      <classes>
        <class name="index.ts" filename="src\index.ts" line-rate="1" branch-rate="0.625">
          <methods>
            <method name="(anonymous_7)" hits="1" signature="()V">
              <lines>
                <line number="11" hits="1"/>
              </lines>
            </method>
            <method name="(anonymous_8)" hits="2" signature="()V">
              <lines>
                <line number="18" hits="2"/>
              </lines>
            </method>
            <method name="(anonymous_9)" hits="2" signature="()V">
              <lines>
                <line number="40" hits="2"/>
              </lines>
            </method>
            <method name="(anonymous_11)" hits="2" signature="()V">
              <lines>
                <line number="62" hits="2"/>
              </lines>
            </method>
          </methods>
          <lines>
            <line number="2" hits="1" branch="false"/>
            <line number="4" hits="1" branch="false"/>
            <line number="8" hits="1" branch="false"/>
            <line number="12" hits="1" branch="false"/>
            <line number="19" hits="2" branch="false"/>
            <line number="24" hits="2" branch="false"/>
            <line number="25" hits="2" branch="false"/>
            <line number="29" hits="1" branch="false"/>
            <line number="32" hits="1" branch="true" condition-coverage="50% (1/2)"/>
            <line number="33" hits="1" branch="false"/>
            <line number="37" hits="2" branch="false"/>
            <line number="41" hits="2" branch="false"/>
            <line number="46" hits="2" branch="false"/>
            <line number="47" hits="2" branch="false"/>
            <line number="51" hits="1" branch="false"/>
            <line number="54" hits="1" branch="true" condition-coverage="50% (1/2)"/>
            <line number="55" hits="1" branch="false"/>
            <line number="59" hits="2" branch="false"/>
            <line number="63" hits="2" branch="false"/>
            <line number="68" hits="2" branch="false"/>
            <line number="69" hits="2" branch="false"/>
            <line number="72" hits="1" branch="false"/>
            <line number="75" hits="1" branch="true" condition-coverage="50% (1/2)"/>
            <line number="76" hits="1" branch="false"/>
            <line number="80" hits="2" branch="false"/>
          </lines>
        </class>
      </classes>
    </package>
  </packages>
</coverage>
